<?xml version="1.0" encoding="UTF-8"?>
<!-- Generated by org.testng.reporters.JUnitXMLReporter -->
<testsuite ignored="0" hostname="DESKTOP-2N2EFF4" failures="0" tests="5" name="Register Demo Test Case" time="55.236" errors="0" timestamp="2022-08-27T18:08:55 IST">
  <testcase classname="com.telus.testcases.RegisterUserDemo" name="launchApplication" time="32.328"/>
  <testcase classname="com.telus.testcases.RegisterUserDemo" name="navigateToRegisterDemoForm" time="9.256"/>
  <testcase classname="com.telus.testcases.RegisterUserDemo" name="registerDemo" time="13.237"/>
  <testcase classname="com.telus.testcases.RegisterUserDemo" name="validateSuccessfulMsg" time="0.055"/>
  <testcase classname="com.telus.testcases.RegisterUserDemo" name="closeApplication" time="0.276"/>
</testsuite> <!-- Register Demo Test Case -->
