<?xml version="1.0" encoding="UTF-8"?>
<testng-results ignored="0" total="5" passed="5" failed="0" skipped="0">
  <reporter-output>
  </reporter-output>
  <suite started-at="2022-08-27T18:08:00 IST" name="Automation Suite" finished-at="2022-08-27T18:08:55 IST" duration-ms="55236">
    <groups>
    </groups>
    <test started-at="2022-08-27T18:08:00 IST" name="Register Demo Test Case" finished-at="2022-08-27T18:08:55 IST" duration-ms="55236">
      <class name="com.telus.testcases.RegisterUserDemo">
        <test-method signature="launchApplication()[pri:1, instance:com.telus.testcases.RegisterUserDemo@5d7148e2]" started-at="2022-08-27T18:08:00 IST" name="launchApplication" finished-at="2022-08-27T18:08:33 IST" duration-ms="32328" status="PASS">
          <reporter-output>
          </reporter-output>
        </test-method> <!-- launchApplication -->
        <test-method signature="navigateToRegisterDemoForm()[pri:2, instance:com.telus.testcases.RegisterUserDemo@5d7148e2]" started-at="2022-08-27T18:08:33 IST" name="navigateToRegisterDemoForm" finished-at="2022-08-27T18:08:42 IST" duration-ms="9256" status="PASS">
          <reporter-output>
          </reporter-output>
        </test-method> <!-- navigateToRegisterDemoForm -->
        <test-method signature="registerDemo()[pri:3, instance:com.telus.testcases.RegisterUserDemo@5d7148e2]" started-at="2022-08-27T18:08:42 IST" name="registerDemo" finished-at="2022-08-27T18:08:55 IST" duration-ms="13237" status="PASS">
          <reporter-output>
          </reporter-output>
        </test-method> <!-- registerDemo -->
        <test-method signature="validateSuccessfulMsg()[pri:4, instance:com.telus.testcases.RegisterUserDemo@5d7148e2]" started-at="2022-08-27T18:08:55 IST" name="validateSuccessfulMsg" finished-at="2022-08-27T18:08:55 IST" duration-ms="55" status="PASS">
          <reporter-output>
          </reporter-output>
        </test-method> <!-- validateSuccessfulMsg -->
        <test-method signature="closeApplication()[pri:5, instance:com.telus.testcases.RegisterUserDemo@5d7148e2]" started-at="2022-08-27T18:08:55 IST" name="closeApplication" finished-at="2022-08-27T18:08:55 IST" duration-ms="276" status="PASS">
          <reporter-output>
          </reporter-output>
        </test-method> <!-- closeApplication -->
      </class> <!-- com.telus.testcases.RegisterUserDemo -->
    </test> <!-- Register Demo Test Case -->
  </suite> <!-- Automation Suite -->
</testng-results>
