<?xml version="1.0" encoding="UTF-8"?>
<!-- Generated by org.testng.reporters.JUnitXMLReporter -->
<testsuite ignored="0" hostname="DESKTOP-2N2EFF4" failures="0" tests="5" name="Register Demo Test Case" time="21.621" errors="0" timestamp="2022-08-27T19:32:11 IST">
  <testcase classname="com.telus.testcases.RegisterUserDemo" name="launchApplication" time="13.561"/>
  <testcase classname="com.telus.testcases.RegisterUserDemo" name="navigateToRegisterDemoForm" time="1.682"/>
  <testcase classname="com.telus.testcases.RegisterUserDemo" name="registerDemo" time="6.059"/>
  <testcase classname="com.telus.testcases.RegisterUserDemo" name="validateSuccessfulMsg" time="0.089"/>
  <testcase classname="com.telus.testcases.RegisterUserDemo" name="closeApplication" time="0.115"/>
</testsuite> <!-- Register Demo Test Case -->
