<?xml version="1.0" encoding="UTF-8"?>
<testng-results ignored="0" total="5" passed="5" failed="0" skipped="0">
  <reporter-output>
  </reporter-output>
  <suite started-at="2022-08-27T19:31:49 IST" name="Automation Suite" finished-at="2022-08-27T19:32:11 IST" duration-ms="21621">
    <groups>
    </groups>
    <test started-at="2022-08-27T19:31:49 IST" name="Register Demo Test Case" finished-at="2022-08-27T19:32:11 IST" duration-ms="21621">
      <class name="com.telus.testcases.RegisterUserDemo">
        <test-method signature="launchApplication()[pri:1, instance:com.telus.testcases.RegisterUserDemo@2df9b86]" started-at="2022-08-27T19:31:49 IST" name="launchApplication" finished-at="2022-08-27T19:32:03 IST" duration-ms="13561" status="PASS">
          <reporter-output>
          </reporter-output>
        </test-method> <!-- launchApplication -->
        <test-method signature="navigateToRegisterDemoForm()[pri:2, instance:com.telus.testcases.RegisterUserDemo@2df9b86]" started-at="2022-08-27T19:32:03 IST" name="navigateToRegisterDemoForm" finished-at="2022-08-27T19:32:04 IST" duration-ms="1682" status="PASS">
          <reporter-output>
          </reporter-output>
        </test-method> <!-- navigateToRegisterDemoForm -->
        <test-method signature="registerDemo()[pri:3, instance:com.telus.testcases.RegisterUserDemo@2df9b86]" started-at="2022-08-27T19:32:04 IST" name="registerDemo" finished-at="2022-08-27T19:32:10 IST" duration-ms="6059" status="PASS">
          <reporter-output>
          </reporter-output>
        </test-method> <!-- registerDemo -->
        <test-method signature="validateSuccessfulMsg()[pri:4, instance:com.telus.testcases.RegisterUserDemo@2df9b86]" started-at="2022-08-27T19:32:10 IST" name="validateSuccessfulMsg" finished-at="2022-08-27T19:32:10 IST" duration-ms="89" status="PASS">
          <reporter-output>
          </reporter-output>
        </test-method> <!-- validateSuccessfulMsg -->
        <test-method signature="closeApplication()[pri:5, instance:com.telus.testcases.RegisterUserDemo@2df9b86]" started-at="2022-08-27T19:32:10 IST" name="closeApplication" finished-at="2022-08-27T19:32:11 IST" duration-ms="115" status="PASS">
          <reporter-output>
          </reporter-output>
        </test-method> <!-- closeApplication -->
      </class> <!-- com.telus.testcases.RegisterUserDemo -->
    </test> <!-- Register Demo Test Case -->
  </suite> <!-- Automation Suite -->
</testng-results>
